<?xml version="1.0" encoding="UTF-8"?>
<!-- Generated by org.testng.reporters.JUnitReportReporter -->
<testsuite skipped="1" hostname="DESKTOP-ND5IR8R" name="org.adactin.Transaction" tests="2" failures="0" timestamp="03 Feb 2022 06:42:44 GMT" time="8.072" errors="1">
  <testcase name="tc1" time="0.000" classname="org.adactin.Transaction">
    <skipped/>
  </testcase> <!-- tc1 -->
  <testcase name="openBrowser" time="8.072" classname="org.adactin.Transaction">
    <error type="org.openqa.selenium.SessionNotCreatedException" message="session not created: This version of ChromeDriver only supports Chrome version 92
Current browser version is 97.0.4692.99 with binary path C:\Program Files (x86)\Google\Chrome\Application\chrome.exe
Build info: version: &#039;3.141.59&#039;, revision: &#039;e82be7d358&#039;, time: &#039;2018-11-14T08:17:03&#039;
System info: host: &#039;DESKTOP-ND5IR8R&#039;, ip: &#039;192.168.1.36&#039;, os.name: &#039;Windows 10&#039;, os.arch: &#039;amd64&#039;, os.version: &#039;10.0&#039;, java.version: &#039;1.8.0_281&#039;
Driver info: driver.version: ChromeDriver
remote stacktrace: Backtrace:
	Ordinal0 [0x01635843+2512963]
	Ordinal0 [0x015CEED1+2092753]
	Ordinal0 [0x014D1F48+1056584]
	Ordinal0 [0x014F01AA+1180074]
	Ordinal0 [0x014EC0C5+1163461]
	Ordinal0 [0x014E990F+1153295]
	Ordinal0 [0x0151994F+1349967]
	Ordinal0 [0x015195BA+1349050]
	Ordinal0 [0x015154BB+1332411]
	Ordinal0 [0x014F1D14+1187092]
	Ordinal0 [0x014F2B79+1190777]
	GetHandleVerifier [0x017B0C56+1501718]
	GetHandleVerifier [0x0185E97F+2213695]
	GetHandleVerifier [0x016B8C92+485970]
	GetHandleVerifier [0x016B7D59+482073]
	Ordinal0 [0x015D471D+2115357]
	Ordinal0 [0x015D8678+2131576]
	Ordinal0 [0x015D87B2+2131890]
	Ordinal0 [0x015E1971+2169201]
	BaseThreadInitThunk [0x74F23744+36]
	RtlSetCurrentTransaction [0x76F5A064+212]
	RtlSetCurrentTransaction [0x76F5A02F+159]
">
      <![CDATA[org.openqa.selenium.SessionNotCreatedException: session not created: This version of ChromeDriver only supports Chrome version 92
Current browser version is 97.0.4692.99 with binary path C:\Program Files (x86)\Google\Chrome\Application\chrome.exe
Build info: version: '3.141.59', revision: 'e82be7d358', time: '2018-11-14T08:17:03'
System info: host: 'DESKTOP-ND5IR8R', ip: '192.168.1.36', os.name: 'Windows 10', os.arch: 'amd64', os.version: '10.0', java.version: '1.8.0_281'
Driver info: driver.version: ChromeDriver
remote stacktrace: Backtrace:
Ordinal0 [0x01635843+2512963]
Ordinal0 [0x015CEED1+2092753]
Ordinal0 [0x014D1F48+1056584]
Ordinal0 [0x014F01AA+1180074]
Ordinal0 [0x014EC0C5+1163461]
Ordinal0 [0x014E990F+1153295]
Ordinal0 [0x0151994F+1349967]
Ordinal0 [0x015195BA+1349050]
Ordinal0 [0x015154BB+1332411]
Ordinal0 [0x014F1D14+1187092]
Ordinal0 [0x014F2B79+1190777]
GetHandleVerifier [0x017B0C56+1501718]
GetHandleVerifier [0x0185E97F+2213695]
GetHandleVerifier [0x016B8C92+485970]
GetHandleVerifier [0x016B7D59+482073]
Ordinal0 [0x015D471D+2115357]
Ordinal0 [0x015D8678+2131576]
Ordinal0 [0x015D87B2+2131890]
Ordinal0 [0x015E1971+2169201]
BaseThreadInitThunk [0x74F23744+36]
RtlSetCurrentTransaction [0x76F5A064+212]
RtlSetCurrentTransaction [0x76F5A02F+159]

at sun.reflect.NativeConstructorAccessorImpl.newInstance0(Native Method)
at sun.reflect.NativeConstructorAccessorImpl.newInstance(Unknown Source)
at sun.reflect.DelegatingConstructorAccessorImpl.newInstance(Unknown Source)
at java.lang.reflect.Constructor.newInstance(Unknown Source)
at org.openqa.selenium.remote.W3CHandshakeResponse.lambda$errorHandler$0(W3CHandshakeResponse.java:62)
at org.openqa.selenium.remote.HandshakeResponse.lambda$getResponseFunction$0(HandshakeResponse.java:30)
at org.openqa.selenium.remote.ProtocolHandshake.lambda$createSession$0(ProtocolHandshake.java:126)
at java.util.stream.ReferencePipeline$3$1.accept(Unknown Source)
at java.util.Spliterators$ArraySpliterator.tryAdvance(Unknown Source)
at java.util.stream.ReferencePipeline.forEachWithCancel(Unknown Source)
at java.util.stream.AbstractPipeline.copyIntoWithCancel(Unknown Source)
at java.util.stream.AbstractPipeline.copyInto(Unknown Source)
at java.util.stream.AbstractPipeline.wrapAndCopyInto(Unknown Source)
at java.util.stream.FindOps$FindOp.evaluateSequential(Unknown Source)
at java.util.stream.AbstractPipeline.evaluate(Unknown Source)
at java.util.stream.ReferencePipeline.findFirst(Unknown Source)
at org.openqa.selenium.remote.ProtocolHandshake.createSession(ProtocolHandshake.java:128)
at org.openqa.selenium.remote.ProtocolHandshake.createSession(ProtocolHandshake.java:74)
at org.openqa.selenium.remote.HttpCommandExecutor.execute(HttpCommandExecutor.java:136)
at org.openqa.selenium.remote.service.DriverCommandExecutor.execute(DriverCommandExecutor.java:83)
at org.openqa.selenium.remote.RemoteWebDriver.execute(RemoteWebDriver.java:552)
at org.openqa.selenium.remote.RemoteWebDriver.startSession(RemoteWebDriver.java:213)
at org.openqa.selenium.remote.RemoteWebDriver.<init>(RemoteWebDriver.java:131)
at org.openqa.selenium.chrome.ChromeDriver.<init>(ChromeDriver.java:181)
at org.openqa.selenium.chrome.ChromeDriver.<init>(ChromeDriver.java:168)
at org.openqa.selenium.chrome.ChromeDriver.<init>(ChromeDriver.java:123)
at org.adactin.BaseClass.openUrl(BaseClass.java:13)
at org.adactin.Transaction.openBrowser(Transaction.java:22)
at sun.reflect.NativeMethodAccessorImpl.invoke0(Native Method)
at sun.reflect.NativeMethodAccessorImpl.invoke(Unknown Source)
at sun.reflect.DelegatingMethodAccessorImpl.invoke(Unknown Source)
at java.lang.reflect.Method.invoke(Unknown Source)
at org.testng.internal.MethodInvocationHelper.invokeMethod(MethodInvocationHelper.java:124)
at org.testng.internal.MethodInvocationHelper.invokeMethodConsideringTimeout(MethodInvocationHelper.java:59)
at org.testng.internal.Invoker.invokeConfigurationMethod(Invoker.java:458)
at org.testng.internal.Invoker.invokeConfigurations(Invoker.java:222)
at org.testng.internal.Invoker.invokeConfigurations(Invoker.java:142)
at org.testng.internal.TestMethodWorker.invokeBeforeClassMethods(TestMethodWorker.java:168)
at org.testng.internal.TestMethodWorker.run(TestMethodWorker.java:105)
at org.testng.TestRunner.privateRun(TestRunner.java:648)
at org.testng.TestRunner.run(TestRunner.java:505)
at org.testng.SuiteRunner.runTest(SuiteRunner.java:455)
at org.testng.SuiteRunner.runSequentially(SuiteRunner.java:450)
at org.testng.SuiteRunner.privateRun(SuiteRunner.java:415)
at org.testng.SuiteRunner.run(SuiteRunner.java:364)
at org.testng.SuiteRunnerWorker.runSuite(SuiteRunnerWorker.java:52)
at org.testng.SuiteRunnerWorker.run(SuiteRunnerWorker.java:84)
at org.testng.TestNG.runSuitesSequentially(TestNG.java:1208)
at org.testng.TestNG.runSuitesLocally(TestNG.java:1137)
at org.testng.TestNG.runSuites(TestNG.java:1049)
at org.testng.TestNG.run(TestNG.java:1017)
at org.testng.remote.AbstractRemoteTestNG.run(AbstractRemoteTestNG.java:114)
at org.testng.remote.RemoteTestNG.initAndRun(RemoteTestNG.java:251)
at org.testng.remote.RemoteTestNG.main(RemoteTestNG.java:77)
]]>
    </error>
  </testcase> <!-- openBrowser -->
</testsuite> <!-- org.adactin.Transaction -->
